++ date
+ echo 'SLURM job started at Sun Jul  6 18:07:05 UTC 2025'
SLURM job started at Sun Jul  6 18:07:05 UTC 2025
+ pwd
/nfs/ghome/live/mlaimon/foundational_ssm
+ whoami
mlaimon
+ env
SHELL=/bin/bash
COLORTERM=truecolor
GCC_RANLIB=/nfs/ghome/live/mlaimon/anaconda3/envs/foundational_ssm/bin/x86_64-conda-linux-gnu-gcc-ranlib
SLURM_JOB_USER=mlaimon
SLURM_TASKS_PER_NODE=1
SLURM_JOB_UID=801151477
TERM_PROGRAM_VERSION=1.2.1
SLURM_TASK_PID=2057989
CONDA_EXE=/nfs/ghome/live/mlaimon/anaconda3/bin/conda
_CE_M=
SLURM_LOCALID=0
build_alias=x86_64-conda-linux-gnu
SLURM_SUBMIT_DIR=/nfs/ghome/live/mlaimon/foundational_ssm
CMAKE_ARGS=-DCMAKE_AR=/nfs/ghome/live/mlaimon/anaconda3/envs/foundational_ssm/bin/x86_64-conda-linux-gnu-ar -DCMAKE_CXX_COMPILER_AR=/nfs/ghome/live/mlaimon/anaconda3/envs/foundational_ssm/bin/x86_64-conda-linux-gnu-gcc-ar -DCMAKE_C_COMPILER_AR=/nfs/ghome/live/mlaimon/anaconda3/envs/foundational_ssm/bin/x86_64-conda-linux-gnu-gcc-ar -DCMAKE_RANLIB=/nfs/ghome/live/mlaimon/anaconda3/envs/foundational_ssm/bin/x86_64-conda-linux-gnu-ranlib -DCMAKE_CXX_COMPILER_RANLIB=/nfs/ghome/live/mlaimon/anaconda3/envs/foundational_ssm/bin/x86_64-conda-linux-gnu-gcc-ranlib -DCMAKE_C_COMPILER_RANLIB=/nfs/ghome/live/mlaimon/anaconda3/envs/foundational_ssm/bin/x86_64-conda-linux-gnu-gcc-ranlib -DCMAKE_LINKER=/nfs/ghome/live/mlaimon/anaconda3/envs/foundational_ssm/bin/x86_64-conda-linux-gnu-ld -DCMAKE_STRIP=/nfs/ghome/live/mlaimon/anaconda3/envs/foundational_ssm/bin/x86_64-conda-linux-gnu-strip -DCMAKE_BUILD_TYPE=Release
HOSTNAME=enc2-node13
SLURMD_NODENAME=enc2-node13
SLURM_JOB_START_TIME=1751825225
GPROF=/nfs/ghome/live/mlaimon/anaconda3/envs/foundational_ssm/bin/x86_64-conda-linux-gnu-gprof
HYDRA_LAUNCHER_EXTRA_ARGS=--external-launcher
CONDA_TOOLCHAIN_BUILD=x86_64-conda-linux-gnu
_CONDA_PYTHON_SYSCONFIGDATA_NAME=_sysconfigdata_x86_64_conda_linux_gnu
STRINGS=/nfs/ghome/live/mlaimon/anaconda3/envs/foundational_ssm/bin/x86_64-conda-linux-gnu-strings
CPP=/nfs/ghome/live/mlaimon/anaconda3/envs/foundational_ssm/bin/x86_64-conda-linux-gnu-cpp
SLURM_CLUSTER_NAME=(null)
SLURM_JOB_END_TIME=1752084425
SLURM_CPUS_ON_NODE=1
SLURM_JOB_CPUS_PER_NODE=1
DWP=/nfs/ghome/live/mlaimon/anaconda3/envs/foundational_ssm/bin/x86_64-conda-linux-gnu-dwp
PRTE_MCA_plm_slurm_args=--external-launcher
KRB5CCNAME=KEYRING:persistent:801151477
PWD=/nfs/ghome/live/mlaimon/foundational_ssm
SLURM_GTIDS=0
LOGNAME=mlaimon
XDG_SESSION_TYPE=tty
CONDA_PREFIX=/nfs/ghome/live/mlaimon/anaconda3/envs/foundational_ssm
SLURM_JOB_PARTITION=cpu
MODULESHOME=/usr/share/modules
MANPATH=:/opt/puppetlabs/puppet/share/man
SLURM_JOB_NUM_NODES=1
CXX=/nfs/ghome/live/mlaimon/anaconda3/envs/foundational_ssm/bin/x86_64-conda-linux-gnu-c++
CXXFLAGS=-fvisibility-inlines-hidden -fmessage-length=0 -march=nocona -mtune=haswell -ftree-vectorize -fPIC -fstack-protector-strong -fno-plt -O2 -ffunction-sections -pipe -isystem /nfs/ghome/live/mlaimon/anaconda3/envs/foundational_ssm/include
VSCODE_GIT_ASKPASS_NODE=/nfs/ghome/live/mlaimon/.cursor-server/bin/031e7e0ff1e2eda9c1a0f5df67d44053b059c5d0/node
CONDA_TOOLCHAIN_HOST=x86_64-conda-linux-gnu
SLURM_JOBID=1081703
DEBUG_CXXFLAGS=-fvisibility-inlines-hidden -fmessage-length=0 -march=nocona -mtune=haswell -ftree-vectorize -fPIC -fstack-protector-all -fno-plt -Og -g -Wall -Wextra -fvar-tracking-assignments -ffunction-sections -pipe -isystem /nfs/ghome/live/mlaimon/anaconda3/envs/foundational_ssm/include
SLURM_JOB_QOS=normal
I_MPI_HYDRA_BOOTSTRAP_EXEC_EXTRA_ARGS=--external-launcher
LDFLAGS=-Wl,-O2 -Wl,--sort-common -Wl,--as-needed -Wl,-z,relro -Wl,-z,now -Wl,--disable-new-dtags -Wl,--gc-sections -Wl,--allow-shlib-undefined -Wl,-rpath,/nfs/ghome/live/mlaimon/anaconda3/envs/foundational_ssm/lib -Wl,-rpath-link,/nfs/ghome/live/mlaimon/anaconda3/envs/foundational_ssm/lib -L/nfs/ghome/live/mlaimon/anaconda3/envs/foundational_ssm/lib
HOME=/nfs/ghome/live/mlaimon
LANG=C.UTF-8
MESON_ARGS=-Dbuildtype=release
DEBUG_CFLAGS=-march=nocona -mtune=haswell -ftree-vectorize -fPIC -fstack-protector-all -fno-plt -Og -g -Wall -Wextra -fvar-tracking-assignments -ffunction-sections -pipe -isystem /nfs/ghome/live/mlaimon/anaconda3/envs/foundational_ssm/include
SLURM_PROCID=0
CXX_FOR_BUILD=/nfs/ghome/live/mlaimon/anaconda3/envs/foundational_ssm/bin/x86_64-conda-linux-gnu-c++
ELFEDIT=/nfs/ghome/live/mlaimon/anaconda3/envs/foundational_ssm/bin/x86_64-conda-linux-gnu-elfedit
CONDA_PROMPT_MODIFIER=(foundational_ssm) 
TMPDIR=/tmp
GIT_ASKPASS=/nfs/ghome/live/mlaimon/.cursor-server/bin/031e7e0ff1e2eda9c1a0f5df67d44053b059c5d0/extensions/git/dist/askpass.sh
CMAKE_PREFIX_PATH=/nfs/ghome/live/mlaimon/anaconda3/envs/foundational_ssm:/nfs/ghome/live/mlaimon/anaconda3/envs/foundational_ssm/x86_64-conda-linux-gnu/sysroot/usr
CPPFLAGS=-DNDEBUG -D_FORTIFY_SOURCE=2 -O2 -isystem /nfs/ghome/live/mlaimon/anaconda3/envs/foundational_ssm/include
LD=/nfs/ghome/live/mlaimon/anaconda3/envs/foundational_ssm/bin/x86_64-conda-linux-gnu-ld
SLURM_TOPOLOGY_ADDR=enc2-node13
SSH_CONNECTION=192.168.238.250 38970 192.168.234.2 22
READELF=/nfs/ghome/live/mlaimon/anaconda3/envs/foundational_ssm/bin/x86_64-conda-linux-gnu-readelf
GXX=/nfs/ghome/live/mlaimon/anaconda3/envs/foundational_ssm/bin/x86_64-conda-linux-gnu-g++
HYDRA_BOOTSTRAP=slurm
VSCODE_GIT_ASKPASS_EXTRA_ARGS=
SLURM_TOPOLOGY_ADDR_PATTERN=node
SLURM_MEM_PER_CPU=1024
GCC_AR=/nfs/ghome/live/mlaimon/anaconda3/envs/foundational_ssm/bin/x86_64-conda-linux-gnu-gcc-ar
XDG_SESSION_CLASS=user
ADDR2LINE=/nfs/ghome/live/mlaimon/anaconda3/envs/foundational_ssm/bin/x86_64-conda-linux-gnu-addr2line
TERM=xterm-256color
_CE_CONDA=
SIZE=/nfs/ghome/live/mlaimon/anaconda3/envs/foundational_ssm/bin/x86_64-conda-linux-gnu-size
GCC_NM=/nfs/ghome/live/mlaimon/anaconda3/envs/foundational_ssm/bin/x86_64-conda-linux-gnu-gcc-nm
HOST=x86_64-conda-linux-gnu
CC_FOR_BUILD=/nfs/ghome/live/mlaimon/anaconda3/envs/foundational_ssm/bin/x86_64-conda-linux-gnu-cc
USER=mlaimon
SLURM_NODELIST=enc2-node13
VSCODE_GIT_IPC_HANDLE=/run/user/801151477/vscode-git-54822f3b43.sock
ENVIRONMENT=BATCH
CONDA_SHLVL=3
AR=/nfs/ghome/live/mlaimon/anaconda3/envs/foundational_ssm/bin/x86_64-conda-linux-gnu-ar
AS=/nfs/ghome/live/mlaimon/anaconda3/envs/foundational_ssm/bin/x86_64-conda-linux-gnu-as
LOADEDMODULES=
DEBUG_CPPFLAGS=-D_DEBUG -D_FORTIFY_SOURCE=2 -Og -isystem /nfs/ghome/live/mlaimon/anaconda3/envs/foundational_ssm/include
SLURM_JOB_ACCOUNT=gcnu-ac
SLURM_PRIO_PROCESS=0
host_alias=x86_64-conda-linux-gnu
SHLVL=2
SLURM_NNODES=1
NM=/nfs/ghome/live/mlaimon/anaconda3/envs/foundational_ssm/bin/x86_64-conda-linux-gnu-nm
GCC=/nfs/ghome/live/mlaimon/anaconda3/envs/foundational_ssm/bin/x86_64-conda-linux-gnu-gcc
XDG_SESSION_ID=43919
SLURM_SUBMIT_HOST=hpc-gw2
LD_GOLD=/nfs/ghome/live/mlaimon/anaconda3/envs/foundational_ssm/bin/x86_64-conda-linux-gnu-ld.gold
CONDA_PYTHON_EXE=/nfs/ghome/live/mlaimon/anaconda3/bin/python
XDG_RUNTIME_DIR=/run/user/801151477
SLURM_JOB_ID=1081703
SLURM_NODEID=0
SSH_CLIENT=192.168.238.250 38970 22
CONDA_DEFAULT_ENV=foundational_ssm
__MODULES_LMINIT=module use --append /etc/environment-modules/modules:module use --append /usr/share/modules/versions:module use --append /usr/share/modules/modulefiles:module use --append /ceph/apps/ubuntu-24/modulefiles
OBJCOPY=/nfs/ghome/live/mlaimon/anaconda3/envs/foundational_ssm/bin/x86_64-conda-linux-gnu-objcopy
DEBUGINFOD_URLS=https://debuginfod.ubuntu.com 
VSCODE_GIT_ASKPASS_MAIN=/nfs/ghome/live/mlaimon/.cursor-server/bin/031e7e0ff1e2eda9c1a0f5df67d44053b059c5d0/extensions/git/dist/askpass-main.js
STRIP=/nfs/ghome/live/mlaimon/anaconda3/envs/foundational_ssm/bin/x86_64-conda-linux-gnu-strip
XDG_DATA_DIRS=/usr/local/share:/usr/share:/var/lib/snapd/desktop
OBJDUMP=/nfs/ghome/live/mlaimon/anaconda3/envs/foundational_ssm/bin/x86_64-conda-linux-gnu-objdump
SLURM_CONF=/etc/slurm/slurm.conf
BROWSER=/nfs/ghome/live/mlaimon/.cursor-server/bin/031e7e0ff1e2eda9c1a0f5df67d44053b059c5d0/bin/helpers/browser.sh
PATH=/nfs/ghome/live/mlaimon/.cursor-server/bin/031e7e0ff1e2eda9c1a0f5df67d44053b059c5d0/bin/remote-cli:/nfs/ghome/live/mlaimon/anaconda3/envs/foundational_ssm/bin:/nfs/ghome/live/mlaimon/anaconda3/condabin:/usr/local/sbin:/usr/local/bin:/usr/sbin:/usr/bin:/sbin:/bin:/usr/games:/usr/local/games:/snap/bin:/opt/puppetlabs/bin
SLURM_JOB_NAME=run_pretrain.sh
MODULEPATH=/etc/environment-modules/modules:/usr/share/modules/versions:/usr/share/modules/modulefiles:/ceph/apps/ubuntu-24/modulefiles
CC=/nfs/ghome/live/mlaimon/anaconda3/envs/foundational_ssm/bin/x86_64-conda-linux-gnu-cc
CFLAGS=-march=nocona -mtune=haswell -ftree-vectorize -fPIC -fstack-protector-strong -fno-plt -O2 -ffunction-sections -pipe -isystem /nfs/ghome/live/mlaimon/anaconda3/envs/foundational_ssm/include
CXXFILT=/nfs/ghome/live/mlaimon/anaconda3/envs/foundational_ssm/bin/x86_64-conda-linux-gnu-c++filt
DBUS_SESSION_BUS_ADDRESS=unix:path=/run/user/801151477/bus
BUILD=x86_64-conda-linux-gnu
CONDA_PREFIX_1=/nfs/ghome/live/mlaimon/anaconda3
CONDA_PREFIX_2=/nfs/ghome/live/mlaimon/anaconda3/envs/preprocessing_env
OMPI_MCA_plm_slurm_args=--external-launcher
SLURM_JOB_GID=801151477
RANLIB=/nfs/ghome/live/mlaimon/anaconda3/envs/foundational_ssm/bin/x86_64-conda-linux-gnu-ranlib
CONDA_BUILD_SYSROOT=/nfs/ghome/live/mlaimon/anaconda3/envs/foundational_ssm/x86_64-conda-linux-gnu/sysroot
OLDPWD=/nfs/ghome/live/mlaimon
SLURM_JOB_NODELIST=enc2-node13
MODULES_CMD=/usr/lib/x86_64-linux-gnu/modulecmd.tcl
TERM_PROGRAM=vscode
I_MPI_HYDRA_BOOTSTRAP=slurm
VSCODE_IPC_HOOK_CLI=/run/user/801151477/vscode-ipc-a86361b8-8cf7-4cba-90b1-3aa75db0dd23.sock
BASH_FUNC_ml%%=() {  module ml "$@"
}
BASH_FUNC_module%%=() {  local _mlredir=0;
 if [ -n "${MODULES_REDIRECT_OUTPUT+x}" ]; then
 if [ "$MODULES_REDIRECT_OUTPUT" = '0' ]; then
 _mlredir=0;
 else
 if [ "$MODULES_REDIRECT_OUTPUT" = '1' ]; then
 _mlredir=1;
 fi;
 fi;
 fi;
 case " $@ " in 
 *' --no-redirect '*)
 _mlredir=0
 ;;
 *' --redirect '*)
 _mlredir=1
 ;;
 esac;
 if [ $_mlredir -eq 0 ]; then
 _module_raw "$@";
 else
 _module_raw "$@" 2>&1;
 fi
}
BASH_FUNC__module_raw%%=() {  eval "$(/usr/bin/tclsh8.6 '/usr/lib/x86_64-linux-gnu/modulecmd.tcl' bash "$@")";
 _mlstatus=$?;
 return $_mlstatus
}
_=/usr/bin/env
+ echo 'Job running on node: enc2-node13'
Job running on node: enc2-node13
+ echo 'GPU allocated: '
GPU allocated: 
+ nvidia-smi
/var/lib/slurm/slurmd/job1081703/slurm_script: line 20: nvidia-smi: command not found
